2014/02/12 14:38:15 [error] [exception.CException] exception 'CException' with message 'Property "WebUser.user_id" is not defined.' in /var/www/codeigniter.local/framework/base/CComponent.php:130
Stack trace:
#0 /var/www/codeigniter.local/framework/web/auth/CWebUser.php(146): CComponent->__get('user_id')
#1 /var/www/codeigniter.local/protected/models/Advert.php(144): CWebUser->__get('user_id')
#2 /var/www/codeigniter.local/protected/views/advert/list.php(4): Advert->userAdverts()
#3 /var/www/codeigniter.local/framework/web/CBaseController.php(126): require('/var/www/codeig...')
#4 /var/www/codeigniter.local/framework/web/CBaseController.php(95): CBaseController->renderInternal('/var/www/codeig...', Array, true)
#5 /var/www/codeigniter.local/framework/web/CController.php(869): CBaseController->renderFile('/var/www/codeig...', Array, true)
#6 /var/www/codeigniter.local/framework/web/CController.php(782): CController->renderPartial('list', Array, true)
#7 /var/www/codeigniter.local/protected/controllers/AdvertController.php(175): CController->render('list', Array)
#8 /var/www/codeigniter.local/framework/web/actions/CInlineAction.php(49): AdvertController->actionList()
#9 /var/www/codeigniter.local/framework/web/CController.php(308): CInlineAction->runWithParams(Array)
#10 /var/www/codeigniter.local/framework/web/filters/CFilterChain.php(133): CController->runAction(Object(CInlineAction))
#11 /var/www/codeigniter.local/framework/web/filters/CFilter.php(40): CFilterChain->run()
#12 /var/www/codeigniter.local/framework/web/CController.php(1145): CFilter->filter(Object(CFilterChain))
#13 /var/www/codeigniter.local/framework/web/filters/CInlineFilter.php(58): CController->filterAccessControl(Object(CFilterChain))
#14 /var/www/codeigniter.local/framework/web/filters/CFilterChain.php(130): CInlineFilter->filter(Object(CFilterChain))
#15 /var/www/codeigniter.local/framework/web/CController.php(291): CFilterChain->run()
#16 /var/www/codeigniter.local/framework/web/CController.php(265): CController->runActionWithFilters(Object(CInlineAction), Array)
#17 /var/www/codeigniter.local/framework/web/CWebApplication.php(282): CController->run('list')
#18 /var/www/codeigniter.local/framework/web/CWebApplication.php(141): CWebApplication->runController('advert/list')
#19 /var/www/codeigniter.local/framework/base/CApplication.php(180): CWebApplication->processRequest()
#20 /var/www/codeigniter.local/index.php(13): CApplication->run()
#21 {main}
REQUEST_URI=/advert/list
---
2014/02/12 14:38:16 [error] [exception.CException] exception 'CException' with message 'Property "WebUser.user_id" is not defined.' in /var/www/codeigniter.local/framework/base/CComponent.php:130
Stack trace:
#0 /var/www/codeigniter.local/framework/web/auth/CWebUser.php(146): CComponent->__get('user_id')
#1 /var/www/codeigniter.local/protected/models/Advert.php(144): CWebUser->__get('user_id')
#2 /var/www/codeigniter.local/protected/views/advert/list.php(4): Advert->userAdverts()
#3 /var/www/codeigniter.local/framework/web/CBaseController.php(126): require('/var/www/codeig...')
#4 /var/www/codeigniter.local/framework/web/CBaseController.php(95): CBaseController->renderInternal('/var/www/codeig...', Array, true)
#5 /var/www/codeigniter.local/framework/web/CController.php(869): CBaseController->renderFile('/var/www/codeig...', Array, true)
#6 /var/www/codeigniter.local/framework/web/CController.php(782): CController->renderPartial('list', Array, true)
#7 /var/www/codeigniter.local/protected/controllers/AdvertController.php(175): CController->render('list', Array)
#8 /var/www/codeigniter.local/framework/web/actions/CInlineAction.php(49): AdvertController->actionList()
#9 /var/www/codeigniter.local/framework/web/CController.php(308): CInlineAction->runWithParams(Array)
#10 /var/www/codeigniter.local/framework/web/filters/CFilterChain.php(133): CController->runAction(Object(CInlineAction))
#11 /var/www/codeigniter.local/framework/web/filters/CFilter.php(40): CFilterChain->run()
#12 /var/www/codeigniter.local/framework/web/CController.php(1145): CFilter->filter(Object(CFilterChain))
#13 /var/www/codeigniter.local/framework/web/filters/CInlineFilter.php(58): CController->filterAccessControl(Object(CFilterChain))
#14 /var/www/codeigniter.local/framework/web/filters/CFilterChain.php(130): CInlineFilter->filter(Object(CFilterChain))
#15 /var/www/codeigniter.local/framework/web/CController.php(291): CFilterChain->run()
#16 /var/www/codeigniter.local/framework/web/CController.php(265): CController->runActionWithFilters(Object(CInlineAction), Array)
#17 /var/www/codeigniter.local/framework/web/CWebApplication.php(282): CController->run('list')
#18 /var/www/codeigniter.local/framework/web/CWebApplication.php(141): CWebApplication->runController('advert/list')
#19 /var/www/codeigniter.local/framework/base/CApplication.php(180): CWebApplication->processRequest()
#20 /var/www/codeigniter.local/index.php(13): CApplication->run()
#21 {main}
REQUEST_URI=/advert/list
---
2014/02/12 14:38:31 [error] [exception.CException] exception 'CException' with message 'Property "WebUser.user_id" is not defined.' in /var/www/codeigniter.local/framework/base/CComponent.php:130
Stack trace:
#0 /var/www/codeigniter.local/framework/web/auth/CWebUser.php(146): CComponent->__get('user_id')
#1 /var/www/codeigniter.local/protected/models/Advert.php(144): CWebUser->__get('user_id')
#2 /var/www/codeigniter.local/protected/views/advert/list.php(4): Advert->userAdverts()
#3 /var/www/codeigniter.local/framework/web/CBaseController.php(126): require('/var/www/codeig...')
#4 /var/www/codeigniter.local/framework/web/CBaseController.php(95): CBaseController->renderInternal('/var/www/codeig...', Array, true)
#5 /var/www/codeigniter.local/framework/web/CController.php(869): CBaseController->renderFile('/var/www/codeig...', Array, true)
#6 /var/www/codeigniter.local/framework/web/CController.php(782): CController->renderPartial('list', Array, true)
#7 /var/www/codeigniter.local/protected/controllers/AdvertController.php(175): CController->render('list', Array)
#8 /var/www/codeigniter.local/framework/web/actions/CInlineAction.php(49): AdvertController->actionList()
#9 /var/www/codeigniter.local/framework/web/CController.php(308): CInlineAction->runWithParams(Array)
#10 /var/www/codeigniter.local/framework/web/filters/CFilterChain.php(133): CController->runAction(Object(CInlineAction))
#11 /var/www/codeigniter.local/framework/web/filters/CFilter.php(40): CFilterChain->run()
#12 /var/www/codeigniter.local/framework/web/CController.php(1145): CFilter->filter(Object(CFilterChain))
#13 /var/www/codeigniter.local/framework/web/filters/CInlineFilter.php(58): CController->filterAccessControl(Object(CFilterChain))
#14 /var/www/codeigniter.local/framework/web/filters/CFilterChain.php(130): CInlineFilter->filter(Object(CFilterChain))
#15 /var/www/codeigniter.local/framework/web/CController.php(291): CFilterChain->run()
#16 /var/www/codeigniter.local/framework/web/CController.php(265): CController->runActionWithFilters(Object(CInlineAction), Array)
#17 /var/www/codeigniter.local/framework/web/CWebApplication.php(282): CController->run('list')
#18 /var/www/codeigniter.local/framework/web/CWebApplication.php(141): CWebApplication->runController('advert/list')
#19 /var/www/codeigniter.local/framework/base/CApplication.php(180): CWebApplication->processRequest()
#20 /var/www/codeigniter.local/index.php(13): CApplication->run()
#21 {main}
REQUEST_URI=/advert/list
---
2014/02/12 14:40:14 [error] [exception.CException] exception 'CException' with message 'Property "WebUser.user_id" is not defined.' in /var/www/codeigniter.local/framework/base/CComponent.php:130
Stack trace:
#0 /var/www/codeigniter.local/framework/web/auth/CWebUser.php(146): CComponent->__get('user_id')
#1 /var/www/codeigniter.local/protected/models/Advert.php(144): CWebUser->__get('user_id')
#2 /var/www/codeigniter.local/protected/views/advert/list.php(4): Advert->userAdverts()
#3 /var/www/codeigniter.local/framework/web/CBaseController.php(126): require('/var/www/codeig...')
#4 /var/www/codeigniter.local/framework/web/CBaseController.php(95): CBaseController->renderInternal('/var/www/codeig...', Array, true)
#5 /var/www/codeigniter.local/framework/web/CController.php(869): CBaseController->renderFile('/var/www/codeig...', Array, true)
#6 /var/www/codeigniter.local/framework/web/CController.php(782): CController->renderPartial('list', Array, true)
#7 /var/www/codeigniter.local/protected/controllers/AdvertController.php(175): CController->render('list', Array)
#8 /var/www/codeigniter.local/framework/web/actions/CInlineAction.php(49): AdvertController->actionList()
#9 /var/www/codeigniter.local/framework/web/CController.php(308): CInlineAction->runWithParams(Array)
#10 /var/www/codeigniter.local/framework/web/filters/CFilterChain.php(133): CController->runAction(Object(CInlineAction))
#11 /var/www/codeigniter.local/framework/web/filters/CFilter.php(40): CFilterChain->run()
#12 /var/www/codeigniter.local/framework/web/CController.php(1145): CFilter->filter(Object(CFilterChain))
#13 /var/www/codeigniter.local/framework/web/filters/CInlineFilter.php(58): CController->filterAccessControl(Object(CFilterChain))
#14 /var/www/codeigniter.local/framework/web/filters/CFilterChain.php(130): CInlineFilter->filter(Object(CFilterChain))
#15 /var/www/codeigniter.local/framework/web/CController.php(291): CFilterChain->run()
#16 /var/www/codeigniter.local/framework/web/CController.php(265): CController->runActionWithFilters(Object(CInlineAction), Array)
#17 /var/www/codeigniter.local/framework/web/CWebApplication.php(282): CController->run('list')
#18 /var/www/codeigniter.local/framework/web/CWebApplication.php(141): CWebApplication->runController('advert/list')
#19 /var/www/codeigniter.local/framework/base/CApplication.php(180): CWebApplication->processRequest()
#20 /var/www/codeigniter.local/index.php(13): CApplication->run()
#21 {main}
REQUEST_URI=/advert/list
---
2014/02/12 14:40:15 [error] [exception.CException] exception 'CException' with message 'Property "WebUser.user_id" is not defined.' in /var/www/codeigniter.local/framework/base/CComponent.php:130
Stack trace:
#0 /var/www/codeigniter.local/framework/web/auth/CWebUser.php(146): CComponent->__get('user_id')
#1 /var/www/codeigniter.local/protected/models/Advert.php(144): CWebUser->__get('user_id')
#2 /var/www/codeigniter.local/protected/views/advert/list.php(4): Advert->userAdverts()
#3 /var/www/codeigniter.local/framework/web/CBaseController.php(126): require('/var/www/codeig...')
#4 /var/www/codeigniter.local/framework/web/CBaseController.php(95): CBaseController->renderInternal('/var/www/codeig...', Array, true)
#5 /var/www/codeigniter.local/framework/web/CController.php(869): CBaseController->renderFile('/var/www/codeig...', Array, true)
#6 /var/www/codeigniter.local/framework/web/CController.php(782): CController->renderPartial('list', Array, true)
#7 /var/www/codeigniter.local/protected/controllers/AdvertController.php(175): CController->render('list', Array)
#8 /var/www/codeigniter.local/framework/web/actions/CInlineAction.php(49): AdvertController->actionList()
#9 /var/www/codeigniter.local/framework/web/CController.php(308): CInlineAction->runWithParams(Array)
#10 /var/www/codeigniter.local/framework/web/filters/CFilterChain.php(133): CController->runAction(Object(CInlineAction))
#11 /var/www/codeigniter.local/framework/web/filters/CFilter.php(40): CFilterChain->run()
#12 /var/www/codeigniter.local/framework/web/CController.php(1145): CFilter->filter(Object(CFilterChain))
#13 /var/www/codeigniter.local/framework/web/filters/CInlineFilter.php(58): CController->filterAccessControl(Object(CFilterChain))
#14 /var/www/codeigniter.local/framework/web/filters/CFilterChain.php(130): CInlineFilter->filter(Object(CFilterChain))
#15 /var/www/codeigniter.local/framework/web/CController.php(291): CFilterChain->run()
#16 /var/www/codeigniter.local/framework/web/CController.php(265): CController->runActionWithFilters(Object(CInlineAction), Array)
#17 /var/www/codeigniter.local/framework/web/CWebApplication.php(282): CController->run('list')
#18 /var/www/codeigniter.local/framework/web/CWebApplication.php(141): CWebApplication->runController('advert/list')
#19 /var/www/codeigniter.local/framework/base/CApplication.php(180): CWebApplication->processRequest()
#20 /var/www/codeigniter.local/index.php(13): CApplication->run()
#21 {main}
REQUEST_URI=/advert/list
---
2014/02/12 14:40:22 [error] [exception.CHttpException.404] exception 'CHttpException' with message 'The system is unable to find the requested action "geg".' in /var/www/codeigniter.local/framework/web/CController.php:483
Stack trace:
#0 /var/www/codeigniter.local/framework/web/CController.php(270): CController->missingAction('geg')
#1 /var/www/codeigniter.local/framework/web/CWebApplication.php(282): CController->run('geg')
#2 /var/www/codeigniter.local/framework/web/CWebApplication.php(141): CWebApplication->runController('advert/geg')
#3 /var/www/codeigniter.local/framework/base/CApplication.php(180): CWebApplication->processRequest()
#4 /var/www/codeigniter.local/index.php(13): CApplication->run()
#5 {main}
REQUEST_URI=/advert/geg
---
2014/02/12 14:40:33 [error] [exception.CHttpException.404] exception 'CHttpException' with message 'The system is unable to find the requested action "geg".' in /var/www/codeigniter.local/framework/web/CController.php:483
Stack trace:
#0 /var/www/codeigniter.local/framework/web/CController.php(270): CController->missingAction('geg')
#1 /var/www/codeigniter.local/framework/web/CWebApplication.php(282): CController->run('geg')
#2 /var/www/codeigniter.local/framework/web/CWebApplication.php(141): CWebApplication->runController('advert/geg')
#3 /var/www/codeigniter.local/framework/base/CApplication.php(180): CWebApplication->processRequest()
#4 /var/www/codeigniter.local/index.php(13): CApplication->run()
#5 {main}
REQUEST_URI=/advert/geg
---
2014/02/12 14:40:56 [error] [exception.CHttpException.404] exception 'CHttpException' with message 'The system is unable to find the requested action "ffb".' in /var/www/codeigniter.local/framework/web/CController.php:483
Stack trace:
#0 /var/www/codeigniter.local/framework/web/CController.php(270): CController->missingAction('ffb')
#1 /var/www/codeigniter.local/framework/web/CWebApplication.php(282): CController->run('ffb')
#2 /var/www/codeigniter.local/framework/web/CWebApplication.php(141): CWebApplication->runController('advert/ffb')
#3 /var/www/codeigniter.local/framework/base/CApplication.php(180): CWebApplication->processRequest()
#4 /var/www/codeigniter.local/index.php(13): CApplication->run()
#5 {main}
REQUEST_URI=/advert/ffb
---
2014/02/12 14:42:17 [error] [exception.CHttpException.404] exception 'CHttpException' with message 'Unable to resolve the request "var/www/codeigniter.local/protected".' in /var/www/codeigniter.local/framework/web/CWebApplication.php:286
Stack trace:
#0 /var/www/codeigniter.local/framework/web/CWebApplication.php(141): CWebApplication->runController('var/www/codeign...')
#1 /var/www/codeigniter.local/framework/base/CApplication.php(180): CWebApplication->processRequest()
#2 /var/www/codeigniter.local/index.php(13): CApplication->run()
#3 {main}
REQUEST_URI=/var/www/codeigniter.local/protected
---
2014/02/12 14:42:59 [error] [exception.CHttpException.404] exception 'CHttpException' with message 'Unable to resolve the request "var/www/codeigniter.local/protected".' in /var/www/codeigniter.local/framework/web/CWebApplication.php:286
Stack trace:
#0 /var/www/codeigniter.local/framework/web/CWebApplication.php(141): CWebApplication->runController('var/www/codeign...')
#1 /var/www/codeigniter.local/framework/base/CApplication.php(180): CWebApplication->processRequest()
#2 /var/www/codeigniter.local/index.php(13): CApplication->run()
#3 {main}
REQUEST_URI=/var/www/codeigniter.local/protected
---
2014/02/12 14:43:42 [error] [exception.CHttpException.404] exception 'CHttpException' with message 'Unable to resolve the request "var/www/codeigniter.local/protected".' in /var/www/codeigniter.local/framework/web/CWebApplication.php:286
Stack trace:
#0 /var/www/codeigniter.local/framework/web/CWebApplication.php(141): CWebApplication->runController('var/www/codeign...')
#1 /var/www/codeigniter.local/framework/base/CApplication.php(180): CWebApplication->processRequest()
#2 /var/www/codeigniter.local/index.php(13): CApplication->run()
#3 {main}
REQUEST_URI=/var/www/codeigniter.local/protected
---
2014/02/12 14:50:04 [error] [php] Undefined variable: model (/var/www/codeigniter.local/protected/views/advert/index.php:4)
Stack trace:
#0 /var/www/codeigniter.local/framework/web/CController.php(869): AdvertController->renderFile()
#1 /var/www/codeigniter.local/framework/web/CController.php(782): AdvertController->renderPartial()
#2 /var/www/codeigniter.local/protected/controllers/AdvertController.php(42): AdvertController->render()
#3 /var/www/codeigniter.local/framework/web/actions/CInlineAction.php(49): AdvertController->actionIndex()
#4 /var/www/codeigniter.local/framework/web/CController.php(308): CInlineAction->runWithParams()
#5 /var/www/codeigniter.local/framework/web/filters/CFilterChain.php(133): AdvertController->runAction()
#6 /var/www/codeigniter.local/framework/web/filters/CFilter.php(40): CFilterChain->run()
#7 /var/www/codeigniter.local/framework/web/CController.php(1145): CAccessControlFilter->filter()
#8 /var/www/codeigniter.local/framework/web/filters/CInlineFilter.php(58): AdvertController->filterAccessControl()
#9 /var/www/codeigniter.local/framework/web/filters/CFilterChain.php(130): CInlineFilter->filter()
#10 /var/www/codeigniter.local/framework/web/CController.php(291): CFilterChain->run()
#11 /var/www/codeigniter.local/framework/web/CController.php(265): AdvertController->runActionWithFilters()
#12 /var/www/codeigniter.local/framework/web/CWebApplication.php(282): AdvertController->run()
#13 /var/www/codeigniter.local/framework/web/CWebApplication.php(141): CWebApplication->runController()
#14 /var/www/codeigniter.local/framework/base/CApplication.php(180): CWebApplication->processRequest()
#15 /var/www/codeigniter.local/index.php(13): CWebApplication->run()
REQUEST_URI=/advert/
in /var/www/codeigniter.local/protected/views/advert/index.php (4)
in /var/www/codeigniter.local/protected/controllers/AdvertController.php (42)
in /var/www/codeigniter.local/index.php (13)
